2025-06-19T10:39:41.507+08:00  INFO 24376 --- [restartedMain] cn.zwz.ZwzApplication                    : Starting ZwzApplication using Java 17.0.12 with PID 24376 (C:\Users\戴尔\Desktop\数据库大作业\PROJECT2\源码2\back\target\classes started by 戴尔 in C:\Users\戴尔\Desktop\数据库大作业\PROJECT2\源码2\back)
2025-06-19T10:39:41.507+08:00  INFO 24376 --- [restartedMain] cn.zwz.ZwzApplication                    : No active profile set, falling back to 1 default profile: "default"
2025-06-19T10:39:41.569+08:00  INFO 24376 --- [restartedMain] .e.DevToolsPropertyDefaultsPostProcessor : Devtools property defaults active! Set 'spring.devtools.add-properties' to 'false' to disable
2025-06-19T10:39:41.569+08:00  INFO 24376 --- [restartedMain] .e.DevToolsPropertyDefaultsPostProcessor : For additional web related logging consider setting the 'logging.level.web' property to 'DEBUG'
2025-06-19T10:39:42.829+08:00  INFO 24376 --- [restartedMain] .s.d.r.c.RepositoryConfigurationDelegate : Multiple Spring Data modules found, entering strict repository configuration mode
2025-06-19T10:39:42.829+08:00  INFO 24376 --- [restartedMain] .s.d.r.c.RepositoryConfigurationDelegate : Bootstrapping Spring Data JPA repositories in DEFAULT mode.
2025-06-19T10:39:43.121+08:00  INFO 24376 --- [restartedMain] .s.d.r.c.RepositoryConfigurationDelegate : Finished Spring Data repository scanning in 290 ms. Found 1 JPA repository interfaces.
2025-06-19T10:39:43.146+08:00  INFO 24376 --- [restartedMain] .s.d.r.c.RepositoryConfigurationDelegate : Multiple Spring Data modules found, entering strict repository configuration mode
2025-06-19T10:39:43.147+08:00  INFO 24376 --- [restartedMain] .s.d.r.c.RepositoryConfigurationDelegate : Bootstrapping Spring Data Redis repositories in DEFAULT mode.
2025-06-19T10:39:43.173+08:00  INFO 24376 --- [restartedMain] .RepositoryConfigurationExtensionSupport : Spring Data Redis - Could not safely identify store assignment for repository candidate interface cn.zwz.data.dao.LogDao; If you want this repository to be a Redis repository, consider annotating your entities with one of these annotations: org.springframework.data.redis.core.RedisHash (preferred), or consider extending one of the following types with your repository: org.springframework.data.keyvalue.repository.KeyValueRepository
2025-06-19T10:39:43.174+08:00  INFO 24376 --- [restartedMain] .s.d.r.c.RepositoryConfigurationDelegate : Finished Spring Data repository scanning in 16 ms. Found 0 Redis repository interfaces.
2025-06-19T10:39:43.340+08:00  INFO 24376 --- [restartedMain] faultConfiguringBeanFactoryPostProcessor : No bean named 'errorChannel' has been explicitly defined. Therefore, a default PublishSubscribeChannel will be created.
2025-06-19T10:39:43.353+08:00  INFO 24376 --- [restartedMain] faultConfiguringBeanFactoryPostProcessor : No bean named 'integrationHeaderChannelRegistry' has been explicitly defined. Therefore, a default DefaultHeaderChannelRegistry will be created.
2025-06-19T10:39:44.000+08:00  INFO 24376 --- [restartedMain] trationDelegate$BeanPostProcessorChecker : Bean 'redisExceptionThrowsConfig' of type [cn.zwz.basics.redis.RedisExceptionThrowsConfig$$SpringCGLIB$$0] is not eligible for getting processed by all BeanPostProcessors (for example: not eligible for auto-proxying)
2025-06-19T10:39:44.856+08:00  INFO 24376 --- [restartedMain] o.s.b.w.embedded.tomcat.TomcatWebServer  : Tomcat initialized with port(s): 8081 (http)
2025-06-19T10:39:44.872+08:00  INFO 24376 --- [restartedMain] o.apache.catalina.core.StandardService   : Starting service [Tomcat]
2025-06-19T10:39:44.872+08:00  INFO 24376 --- [restartedMain] o.apache.catalina.core.StandardEngine    : Starting Servlet engine: [Apache Tomcat/10.1.8]
2025-06-19T10:39:45.000+08:00  INFO 24376 --- [restartedMain] o.a.c.c.C.[Tomcat].[localhost].[/]       : Initializing Spring embedded WebApplicationContext
2025-06-19T10:39:45.000+08:00  INFO 24376 --- [restartedMain] w.s.c.ServletWebServerApplicationContext : Root WebApplicationContext: initialization completed in 3429 ms
2025-06-19T10:39:45.502+08:00  INFO 24376 --- [restartedMain] org.redisson.Version                     : Redisson 3.21.3
2025-06-19T10:39:45.924+08:00  INFO 24376 --- [redisson-netty-2-4] o.r.c.pool.MasterPubSubConnectionPool    : 1 connections initialized for 127.0.0.1/127.0.0.1:6379
2025-06-19T10:39:45.971+08:00  INFO 24376 --- [redisson-netty-2-19] o.r.c.pool.MasterConnectionPool          : 24 connections initialized for 127.0.0.1/127.0.0.1:6379
2025-06-19T10:39:46.149+08:00  INFO 24376 --- [restartedMain] c.z.basics.baseClass.BeansConfiguration  : 初始化PathMatcher成功
2025-06-19T10:39:47.434+08:00  INFO 24376 --- [restartedMain] o.hibernate.jpa.internal.util.LogHelper  : HHH000204: Processing PersistenceUnitInfo [name: default]
2025-06-19T10:39:47.547+08:00  INFO 24376 --- [restartedMain] org.hibernate.Version                    : HHH000412: Hibernate ORM core version 6.2.2.Final
2025-06-19T10:39:47.547+08:00  INFO 24376 --- [restartedMain] org.hibernate.cfg.Environment            : HHH000406: Using bytecode reflection optimizer
2025-06-19T10:39:47.708+08:00  INFO 24376 --- [restartedMain] o.h.b.i.BytecodeProviderInitiator        : HHH000021: Bytecode provider name : bytebuddy
2025-06-19T10:39:47.825+08:00  INFO 24376 --- [restartedMain] o.s.o.j.p.SpringPersistenceUnitInfo      : No LoadTimeWeaver setup: ignoring JPA class transformer
2025-06-19T10:39:47.908+08:00  INFO 24376 --- [restartedMain] com.alibaba.druid.pool.DruidDataSource   : {dataSource-1} inited
2025-06-19T10:39:48.088+08:00  INFO 24376 --- [restartedMain] org.hibernate.orm.dialect                : HHH035001: Using dialect: org.hibernate.dialect.MySQLDialect, version: 8.0.40
2025-06-19T10:39:48.391+08:00  INFO 24376 --- [restartedMain] o.h.b.i.BytecodeProviderInitiator        : HHH000021: Bytecode provider name : bytebuddy
2025-06-19T10:39:49.289+08:00  INFO 24376 --- [restartedMain] o.h.e.t.j.p.i.JtaPlatformInitiator       : HHH000490: Using JtaPlatform implementation: [org.hibernate.engine.transaction.jta.platform.internal.NoJtaPlatform]
2025-06-19T10:39:49.688+08:00  INFO 24376 --- [restartedMain] j.LocalContainerEntityManagerFactoryBean : Initialized JPA EntityManagerFactory for persistence unit 'default'
2025-06-19T10:39:50.867+08:00  INFO 24376 --- [restartedMain] c.z.basics.baseClass.BeansConfiguration  : 初始化线程池成功
2025-06-19T10:39:50.963+08:00  WARN 24376 --- [restartedMain] JpaBaseConfiguration$JpaWebConfiguration : spring.jpa.open-in-view is enabled by default. Therefore, database queries may be performed during view rendering. Explicitly configure spring.jpa.open-in-view to disable this warning
2025-06-19T10:39:51.933+08:00  INFO 24376 --- [restartedMain] o.s.b.a.e.web.EndpointLinksResolver      : Exposing 1 endpoint(s) beneath base path '/actuator'
2025-06-19T10:39:52.059+08:00  INFO 24376 --- [restartedMain] o.s.s.web.DefaultSecurityFilterChain     : Will secure any request with [org.springframework.security.web.session.DisableEncodeUrlFilter@7ecb1639, org.springframework.security.web.context.request.async.WebAsyncManagerIntegrationFilter@7842f506, org.springframework.security.web.context.SecurityContextHolderFilter@2f35479d, org.springframework.security.web.header.HeaderWriterFilter@59a953f8, org.springframework.web.filter.CorsFilter@8ad95ca, org.springframework.security.web.authentication.logout.LogoutFilter@6d26c438, cn.zwz.basics.security.jwt.JwtTokenOncePerRequestFilter@5b819a13, cn.zwz.basics.security.validate.ImageValidateFilter$$SpringCGLIB$$0@374d9e51, org.springframework.security.web.authentication.UsernamePasswordAuthenticationFilter@75a97bc0, org.springframework.security.web.savedrequest.RequestCacheAwareFilter@3b43cd7, org.springframework.security.web.servletapi.SecurityContextHolderAwareRequestFilter@725faca1, org.springframework.security.web.authentication.AnonymousAuthenticationFilter@34326b8e, org.springframework.security.web.session.SessionManagementFilter@48557f05, org.springframework.security.web.access.ExceptionTranslationFilter@79a37f6, org.springframework.security.web.access.intercept.AuthorizationFilter@2a568c8b]
2025-06-19T10:39:53.338+08:00  INFO 24376 --- [restartedMain] o.s.b.d.a.OptionalLiveReloadServer       : LiveReload server is running on port 35729
2025-06-19T10:39:53.507+08:00  INFO 24376 --- [restartedMain] o.s.i.endpoint.EventDrivenConsumer       : Adding {logging-channel-adapter:_org.springframework.integration.errorLogger} as a subscriber to the 'errorChannel' channel
2025-06-19T10:39:53.507+08:00  INFO 24376 --- [restartedMain] o.s.i.channel.PublishSubscribeChannel    : Channel 'application.errorChannel' has 1 subscriber(s).
2025-06-19T10:39:53.508+08:00  INFO 24376 --- [restartedMain] o.s.i.endpoint.EventDrivenConsumer       : started bean '_org.springframework.integration.errorLogger'
2025-06-19T10:39:53.524+08:00  INFO 24376 --- [restartedMain] o.s.b.w.embedded.tomcat.TomcatWebServer  : Tomcat started on port(s): 8081 (http) with context path ''
2025-06-19T10:39:53.528+08:00  INFO 24376 --- [restartedMain] cn.zwz.ZwzApplication                    : Started ZwzApplication in 12.451 seconds (process running for 13.065)
2025-06-19T10:40:09.442+08:00  INFO 24376 --- [http-nio-8081-exec-1] o.a.c.c.C.[Tomcat].[localhost].[/]       : Initializing Spring DispatcherServlet 'dispatcherServlet'
2025-06-19T10:40:09.443+08:00  INFO 24376 --- [http-nio-8081-exec-1] o.s.web.servlet.DispatcherServlet        : Initializing Servlet 'dispatcherServlet'
2025-06-19T10:40:09.443+08:00  INFO 24376 --- [http-nio-8081-exec-1] o.s.web.servlet.DispatcherServlet        : Completed initialization in 0 ms
2025-06-19T10:41:43.716+08:00  INFO 24376 --- [SpringApplicationShutdownHook] o.s.b.w.e.tomcat.GracefulShutdown        : Commencing graceful shutdown. Waiting for active requests to complete
2025-06-19T10:41:43.724+08:00  INFO 24376 --- [tomcat-shutdown] o.s.b.w.e.tomcat.GracefulShutdown        : Graceful shutdown complete
2025-06-19T10:41:43.746+08:00  INFO 24376 --- [SpringApplicationShutdownHook] o.s.i.endpoint.EventDrivenConsumer       : Removing {logging-channel-adapter:_org.springframework.integration.errorLogger} as a subscriber to the 'errorChannel' channel
2025-06-19T10:41:43.746+08:00  INFO 24376 --- [SpringApplicationShutdownHook] o.s.i.channel.PublishSubscribeChannel    : Channel 'application.errorChannel' has 0 subscriber(s).
2025-06-19T10:41:43.746+08:00  INFO 24376 --- [SpringApplicationShutdownHook] o.s.i.endpoint.EventDrivenConsumer       : stopped bean '_org.springframework.integration.errorLogger'
2025-06-19T10:41:43.752+08:00  INFO 24376 --- [SpringApplicationShutdownHook] j.LocalContainerEntityManagerFactoryBean : Closing JPA EntityManagerFactory for persistence unit 'default'
2025-06-19T10:41:43.757+08:00  INFO 24376 --- [SpringApplicationShutdownHook] com.alibaba.druid.pool.DruidDataSource   : {dataSource-1} closing ...
2025-06-19T10:41:43.761+08:00  INFO 24376 --- [SpringApplicationShutdownHook] com.alibaba.druid.pool.DruidDataSource   : {dataSource-1} closed
